[36minfo[39m: Welcome to Appium v1.4.16 (REV ae6877eff263066b26328d457bd285c0cc62430d)
[36minfo[39m: Appium REST http interface listener started on 0.0.0.0:4490
[36minfo[39m: [debug] Non-default server args: {"udid":"b8bc1b72b0ec","port":4490,"bootstrapPort":2233}
[36minfo[39m: Console LogLevel: debug
[36minfo[39m: [37m-->[39m [37mPOST[39m [37m/wd/hub/session[39m [90m{"desiredCapabilities":{"appPackage":"com.zhihu.android","appActivity":"com.zhihu.android.ui.activity.GuideActivity","noSign":"True","newCommandTimeout":"600","unicodeKeyboard":"True","udid":"b8bc1b72b0ec","platformName":"Android","deviceName":"devicename","resetKeyboard":"True"}}[39m
[36minfo[39m: Client User-Agent string: Apache-HttpClient/4.3.3 (java 1.5)
[33mwarn[39m: Converting cap noSign from string to boolean. This might cause unexpected behavior.
[33mwarn[39m: Converting cap unicodeKeyboard from string to boolean. This might cause unexpected behavior.
[33mwarn[39m: Converting cap resetKeyboard from string to boolean. This might cause unexpected behavior.
[36minfo[39m: [debug] Didn't get app but did get Android package, will attempt to launch it on the device
[36minfo[39m: [debug] Creating new appium session bada2dab-85fe-46b5-bcf4-ca13defc15cd
[36minfo[39m: Starting android appium
[36minfo[39m: [debug] Getting Java version
[36minfo[39m: Java version is: 1.8.0_40-ea
[36minfo[39m: [debug] Checking whether adb is present
[36minfo[39m: [debug] Using adb from E:\adt-bundle-windows-x86_64-20140321\sdk\platform-tools\adb.exe
[33mwarn[39m: No app capability, can't parse package/activity
[36minfo[39m: [debug] Using fast reset? true
[36minfo[39m: [debug] Preparing device for session
[36minfo[39m: [debug] Not checking whether app is present since we are assuming it's already on the device
[36minfo[39m: Retrieving device
[36minfo[39m: [debug] Trying to find a connected android device
[36minfo[39m: [debug] Getting connected devices...
[36minfo[39m: [debug] executing cmd: E:\adt-bundle-windows-x86_64-20140321\sdk\platform-tools\adb.exe devices
[36minfo[39m: [debug] 2 device(s) connected
[36minfo[39m: Found device b8bc1b72b0ec
[36minfo[39m: [debug] Setting device id to b8bc1b72b0ec
[36minfo[39m: [debug] Waiting for device to be ready and to respond to shell commands (timeout = 5)
[36minfo[39m: [debug] executing cmd: E:\adt-bundle-windows-x86_64-20140321\sdk\platform-tools\adb.exe -s b8bc1b72b0ec wait-for-device
[36minfo[39m: [debug] executing cmd: E:\adt-bundle-windows-x86_64-20140321\sdk\platform-tools\adb.exe -s b8bc1b72b0ec shell "echo 'ready'"
[36minfo[39m: [debug] Starting logcat capture
[36minfo[39m: [debug] Getting device API level
[36minfo[39m: [debug] executing cmd: E:\adt-bundle-windows-x86_64-20140321\sdk\platform-tools\adb.exe -s b8bc1b72b0ec shell "getprop ro.build.version.sdk"
[36minfo[39m: [debug] Device is at API Level 19
[36minfo[39m: Device API level is: 19
[36minfo[39m: [debug] Extracting strings for language: default
[36minfo[39m: [debug] Apk doesn't exist locally
[36minfo[39m: [debug] Could not get strings, but it looks like we had an old strings file anyway, so ignoring
[36minfo[39m: [debug] executing cmd: E:\adt-bundle-windows-x86_64-20140321\sdk\platform-tools\adb.exe -s b8bc1b72b0ec shell "rm -rf /data/local/tmp/strings.json"
[36minfo[39m: [debug] Not uninstalling app since server not started with --full-reset
[36minfo[39m: [debug] Skipping install since we launched with a package instead of an app path
[36minfo[39m: [debug] Forwarding system:2233 to device:4724
[36minfo[39m: [debug] executing cmd: E:\adt-bundle-windows-x86_64-20140321\sdk\platform-tools\adb.exe -s b8bc1b72b0ec forward tcp:2233 tcp:4724
[36minfo[39m: [debug] Pushing appium bootstrap to device...
[36minfo[39m: [debug] executing cmd: E:\adt-bundle-windows-x86_64-20140321\sdk\platform-tools\adb.exe -s b8bc1b72b0ec push "C:\\Program Files (x86)\\Appium\\node_modules\\appium\\build\\android_bootstrap\\AppiumBootstrap.jar" /data/local/tmp/
[36minfo[39m: [debug] Enabling Unicode keyboard support
[36minfo[39m: [debug] Pushing unicode ime to device...
[36minfo[39m: [debug] executing cmd: E:\adt-bundle-windows-x86_64-20140321\sdk\platform-tools\adb.exe -s b8bc1b72b0ec install "C:\Program Files (x86)\Appium\node_modules\appium\build\unicode_ime_apk\UnicodeIME-debug.apk"
[36minfo[39m: [debug] executing cmd: E:\adt-bundle-windows-x86_64-20140321\sdk\platform-tools\adb.exe -s b8bc1b72b0ec shell "settings get secure default_input_method"
[36minfo[39m: [debug] Unsetting IME 'com.baidu.input_huawei/.ImeService'
[36minfo[39m: [debug] Setting IME to 'io.appium.android.ime/.UnicodeIME'
[36minfo[39m: [debug] executing cmd: E:\adt-bundle-windows-x86_64-20140321\sdk\platform-tools\adb.exe -s b8bc1b72b0ec shell "ime enable io.appium.android.ime/.UnicodeIME"
[36minfo[39m: [debug] executing cmd: E:\adt-bundle-windows-x86_64-20140321\sdk\platform-tools\adb.exe -s b8bc1b72b0ec shell "ime set io.appium.android.ime/.UnicodeIME"
[36minfo[39m: [debug] Pushing settings apk to device...
[36minfo[39m: [debug] executing cmd: E:\adt-bundle-windows-x86_64-20140321\sdk\platform-tools\adb.exe -s b8bc1b72b0ec install "C:\Program Files (x86)\Appium\node_modules\appium\build\settings_apk\settings_apk-debug.apk"
[36minfo[39m: [debug] Pushing unlock helper app to device...
[36minfo[39m: [debug] executing cmd: E:\adt-bundle-windows-x86_64-20140321\sdk\platform-tools\adb.exe -s b8bc1b72b0ec install "C:\Program Files (x86)\Appium\node_modules\appium\build\unlock_apk\unlock_apk-debug.apk"
[36minfo[39m: Starting App
[36minfo[39m: [debug] Attempting to kill all 'uiautomator' processes
[36minfo[39m: [debug] Getting all processes with 'uiautomator'
[36minfo[39m: [debug] executing cmd: E:\adt-bundle-windows-x86_64-20140321\sdk\platform-tools\adb.exe -s b8bc1b72b0ec shell "ps 'uiautomator'"
[36minfo[39m: [debug] No matching processes found
[36minfo[39m: [debug] Running bootstrap
[36minfo[39m: [debug] spawning: E:\adt-bundle-windows-x86_64-20140321\sdk\platform-tools\adb.exe -s b8bc1b72b0ec shell uiautomator runtest AppiumBootstrap.jar -c io.appium.android.bootstrap.Bootstrap -e pkg com.zhihu.android -e disableAndroidWatchers false
[36minfo[39m: [debug] [90m[UIAUTOMATOR STDOUT] INSTRUMENTATION_STATUS: numtests=1[39m
[36minfo[39m: [debug] [90m[UIAUTOMATOR STDOUT] INSTRUMENTATION_STATUS: stream=[39m
[36minfo[39m: [debug] [90m[UIAUTOMATOR STDOUT] io.appium.android.bootstrap.Bootstrap:[39m
[36minfo[39m: [debug] [90m[UIAUTOMATOR STDOUT] INSTRUMENTATION_STATUS: id=UiAutomatorTestRunner[39m
[36minfo[39m: [debug] [90m[UIAUTOMATOR STDOUT] INSTRUMENTATION_STATUS: test=testRunServer[39m
[36minfo[39m: [debug] [90m[UIAUTOMATOR STDOUT] INSTRUMENTATION_STATUS: class=io.appium.android.bootstrap.Bootstrap[39m
[36minfo[39m: [debug] [90m[UIAUTOMATOR STDOUT] INSTRUMENTATION_STATUS: current=1[39m
[36minfo[39m: [debug] [90m[UIAUTOMATOR STDOUT] INSTRUMENTATION_STATUS_CODE: 1[39m
[36minfo[39m: [debug] [BOOTSTRAP] [debug] Socket opened on port 4724
[36minfo[39m: [debug] [BOOTSTRAP] [debug] Appium Socket Server Ready
[36minfo[39m: [debug] [BOOTSTRAP] [debug] Loading json...
[36minfo[39m: [debug] [BOOTSTRAP] [debug] Registered crash watchers.
[36minfo[39m: [debug] Waking up device if it's not alive
[36minfo[39m: [debug] Pushing command to appium work queue: ["wake",{}]
[36minfo[39m: [debug] [BOOTSTRAP] [debug] Client connected
[36minfo[39m: [debug] [BOOTSTRAP] [debug] Got data from client: {"cmd":"action","action":"wake","params":{}}
[36minfo[39m: [debug] [BOOTSTRAP] [debug] Got command of type ACTION
[36minfo[39m: [debug] [BOOTSTRAP] [debug] Got command action: wake
[36minfo[39m: [debug] [BOOTSTRAP] [debug] Returning result: {"value":true,"status":0}
[36minfo[39m: [debug] executing cmd: E:\adt-bundle-windows-x86_64-20140321\sdk\platform-tools\adb.exe -s b8bc1b72b0ec shell "dumpsys window"
[36minfo[39m: [debug] Screen already unlocked, continuing.
[36minfo[39m: [debug] Pushing command to appium work queue: ["getDataDir",{}]
[36minfo[39m: [debug] [BOOTSTRAP] [debug] Got data from client: {"cmd":"action","action":"getDataDir","params":{}}
[36minfo[39m: [debug] [BOOTSTRAP] [debug] Got command of type ACTION
[36minfo[39m: [debug] [BOOTSTRAP] [debug] Got command action: getDataDir
[36minfo[39m: [debug] dataDir set to: /data/local/tmp
[36minfo[39m: [debug] Pushing command to appium work queue: ["compressedLayoutHierarchy",{"compressLayout":false}]
[36minfo[39m: [debug] [BOOTSTRAP] [debug] Returning result: {"value":"\/data\/local\/tmp","status":0}
[36minfo[39m: [debug] [BOOTSTRAP] [debug] Got data from client: {"cmd":"action","action":"compressedLayoutHierarchy","params":{"compressLayout":false}}
[36minfo[39m: [debug] [BOOTSTRAP] [debug] Got command of type ACTION
[36minfo[39m: [debug] [BOOTSTRAP] [debug] Got command action: compressedLayoutHierarchy
[36minfo[39m: [debug] Getting device API level
[36minfo[39m: [debug] executing cmd: E:\adt-bundle-windows-x86_64-20140321\sdk\platform-tools\adb.exe -s b8bc1b72b0ec shell "getprop ro.build.version.sdk"
[36minfo[39m: [debug] [BOOTSTRAP] [debug] Returning result: {"value":false,"status":0}
[36minfo[39m: [debug] Device is at API Level 19
[36minfo[39m: [debug] executing cmd: E:\adt-bundle-windows-x86_64-20140321\sdk\platform-tools\adb.exe -s b8bc1b72b0ec shell "am start -S -a android.intent.action.MAIN -c android.intent.category.LAUNCHER -f 0x10200000 -n com.zhihu.android/com.zhihu.android.ui.activity.GuideActivity"
[36minfo[39m: [debug] We tried to start an activity that doesn't exist, retrying with . prepended to activity
[36minfo[39m: [debug] Getting device API level
[36minfo[39m: [debug] executing cmd: E:\adt-bundle-windows-x86_64-20140321\sdk\platform-tools\adb.exe -s b8bc1b72b0ec shell "getprop ro.build.version.sdk"
[36minfo[39m: [debug] Device is at API Level 19
[36minfo[39m: [debug] executing cmd: E:\adt-bundle-windows-x86_64-20140321\sdk\platform-tools\adb.exe -s b8bc1b72b0ec shell "am start -S -a android.intent.action.MAIN -c android.intent.category.LAUNCHER -f 0x10200000 -n com.zhihu.android/.com.zhihu.android.ui.activity.GuideActivity"
